[2026-06-20T10:02:07.997Z] GET https://apple.com/ → 301 (103ms, 304B)
[2026-06-20T10:02:08.101Z] GET https://www.apple.com/ → 200 (41ms, 45786B)
[2026-06-20T10:02:08.245Z] GET https://www.apple.com/api-www/global-elements/global-header/v1/assets/globalheader.css → 200 (30ms, 15921B)
[2026-06-20T10:02:08.245Z] GET https://www.apple.com/ac/globalfooter/8/en_US/styles/ac-globalfooter.built.css → 200 (31ms, 7282B)
[2026-06-20T10:02:08.245Z] GET https://www.apple.com/ac/localnav/9/styles/ac-localnav.built.css → 200 (30ms, 8446B)
[2026-06-20T10:02:08.245Z] GET https://www.apple.com/wss/fonts?families=SF+Pro,v3|SF+Pro+Icons,v3 → 200 (27ms, 1963B)
[2026-06-20T10:02:08.245Z] GET https://www.apple.com/v/home/a/styles/main.built.css → 200 (47ms, 13933B)
[2026-06-20T10:02:08.245Z] GET https://www.apple.com/v/home/a/styles/home.built.css → 200 (31ms, 4528B)
[2026-06-20T10:02:08.245Z] GET https://www.apple.com/v/home/a/built/styles/home-gallery.built.css → 200 (44ms, 20211B)
[2026-06-20T10:02:08.245Z] GET https://www.apple.com/v/home/a/styles/inline-media.built.css → 200 (31ms, 3399B)
[2026-06-20T10:02:08.245Z] GET https://www.apple.com/home/built/styles/home_57u3e6q9.built.css → 200 (46ms, 3314B)
[2026-06-20T10:02:08.245Z] GET https://www.apple.com/v/home/a/scripts/head.built.js → 200 (49ms, 3606B)
[2026-06-20T10:02:08.248Z] GET https://www.apple.com/api-www/global-elements/global-header/v1/assets/globalheader.umd.js → 200 (45ms, 164906B)
[2026-06-20T10:02:08.248Z] GET https://www.apple.com/metrics/ac-analytics/2.30.0/scripts/ac-analytics.js → 200 (299ms, ?B)
[2026-06-20T10:02:08.248Z] GET https://www.apple.com/metrics/ac-analytics/2.30.0/scripts/auto-init.js → 200 (45ms, 849B)
[2026-06-20T10:02:08.248Z] GET https://www.apple.com/v/home/images/fathers-day-2026/a/hero_fd26_startframe__9cmey4u4wuay_large.jpg → 200 (44ms, 54137B)
[2026-06-20T10:02:08.248Z] GET https://www.apple.com/v/home/images/fathers-day-2026/a/hero_fd26__c9vr0hxu24eq_large.jpg → 200 (44ms, 189541B)
[2026-06-20T10:02:08.248Z] GET https://www.apple.com/v/home/images/fathers-day-2026/a/stars/star01__bx1epqccfyb6_large.png → 200 (79ms, 3379B)
[2026-06-20T10:02:08.251Z] GET https://www.apple.com/v/home/images/fathers-day-2026/a/stars/star02__bpdn0668cgaa_large.png → 200 (77ms, 1849B)
[2026-06-20T10:02:08.251Z] GET https://www.apple.com/v/home/images/fathers-day-2026/a/stars/star03__fygt511e9m2q_large.png → 200 (233ms, ?B)
[2026-06-20T10:02:08.251Z] GET https://www.apple.com/v/home/images/fathers-day-2026/a/stars/star04__lkh28qjzjh6e_large.png → 200 (197ms, ?B)
[2026-06-20T10:02:08.251Z] GET https://www.apple.com/v/home/images/fathers-day-2026/a/stars/star05__b4zhm6zdjpua_large.png → 200 (265ms, ?B)
[2026-06-20T10:02:08.251Z] GET https://www.apple.com/v/home/images/fathers-day-2026/a/stars/star06__05r0dfrxvk22_large.png → 200 (198ms, ?B)
[2026-06-20T10:02:08.252Z] GET https://www.apple.com/v/home/images/fathers-day-2026/a/stars/star07__e866qn7p0ei6_large.png → 200 (197ms, ?B)
[2026-06-20T10:02:08.252Z] GET https://www.apple.com/v/home/images/fathers-day-2026/a/stars/star08__fro0u4ktaaq2_large.png → 200 (198ms, ?B)
[2026-06-20T10:02:08.252Z] GET https://www.apple.com/v/home/images/fathers-day-2026/a/stars/star09__dcmu2h06cv6u_large.png → 200 (77ms, 2358B)
[2026-06-20T10:02:08.252Z] GET https://www.apple.com/v/home/images/fathers-day-2026/a/stars/star10__lmxkjc91gt6e_large.png → 200 (77ms, 3380B)
[2026-06-20T10:02:08.252Z] GET https://www.apple.com/v/home/images/fathers-day-2026/a/stars/star11__e9ccmtl4ihu2_large.png → 200 (77ms, 1817B)
[2026-06-20T10:02:08.252Z] GET https://www.apple.com/v/home/images/fathers-day-2026/a/stars/star12__epjhzny3a20y_large.png → 200 (232ms, ?B)
[2026-06-20T10:02:08.252Z] GET https://www.apple.com/v/home/images/fathers-day-2026/a/stars/star13__dowwaikpx46e_large.png → 200 (198ms, ?B)
[2026-06-20T10:02:08.252Z] GET https://www.apple.com/v/home/images/fathers-day-2026/a/stars/star14__bor0824u6gwi_large.png → 200 (205ms, ?B)
[2026-06-20T10:02:08.252Z] GET https://www.apple.com/v/home/images/fathers-day-2026/a/stars/star15__e9n3jq5tsuem_large.png → 200 (209ms, ?B)
[2026-06-20T10:02:08.252Z] GET https://www.apple.com/v/home/images/fathers-day-2026/a/stars/star16__d0nup3hr4rma_large.png → 200 (234ms, ?B)
[2026-06-20T10:02:08.252Z] GET https://www.apple.com/v/home/images/fathers-day-2026/a/dots/dot01__dt9tm7j916ie_large.png → 200 (263ms, ?B)
[2026-06-20T10:02:08.252Z] GET https://www.apple.com/v/home/images/fathers-day-2026/a/dots/dot02__e79fioqje9ei_large.png → 200 (264ms, ?B)
[2026-06-20T10:02:08.252Z] GET https://www.apple.com/v/home/images/fathers-day-2026/a/dots/dot03__dcorai02peaa_large.png → 200 (263ms, ?B)
[2026-06-20T10:02:08.252Z] GET https://www.apple.com/v/home/images/fathers-day-2026/a/dots/dot04__buo74x1i9zle_large.png → 200 (261ms, ?B)
[2026-06-20T10:02:08.252Z] GET https://www.apple.com/v/home/images/fathers-day-2026/a/dots/dot05__fls7q90vreie_large.png → 200 (232ms, ?B)
[2026-06-20T10:02:08.252Z] GET https://www.apple.com/v/home/images/fathers-day-2026/a/dots/dot06__cs6bkjjy172a_large.png → 200 (260ms, ?B)
[2026-06-20T10:02:08.252Z] GET https://www.apple.com/v/home/images/fathers-day-2026/a/dots/dot07__czt4aczvn866_large.png → 200 (261ms, ?B)
[2026-06-20T10:02:08.252Z] GET https://www.apple.com/v/home/images/fathers-day-2026/a/dots/dot08__flo7zyvix9aq_large.png → 200 (263ms, ?B)
[2026-06-20T10:02:08.252Z] GET https://www.apple.com/v/home/images/fathers-day-2026/a/dots/dot09__cla1vkfyvumq_large.png → 200 (260ms, ?B)
[2026-06-20T10:02:08.252Z] GET https://www.apple.com/v/home/images/fathers-day-2026/a/dots/dot10__c76uv7my2emq_large.png → 200 (209ms, ?B)
[2026-06-20T10:02:08.252Z] GET https://www.apple.com/v/home/images/fathers-day-2026/a/dots/dot11__fkmgjtxddpim_large.png → 200 (209ms, ?B)
[2026-06-20T10:02:08.253Z] GET https://www.apple.com/v/home/images/fathers-day-2026/a/dots/dot12__br9eqd0450xe_large.png → 200 (225ms, ?B)
[2026-06-20T10:02:08.253Z] GET https://www.apple.com/v/home/images/fathers-day-2026/a/dots/dot13__gg78svcvx4ii_large.png → 200 (226ms, ?B)
[2026-06-20T10:02:08.253Z] GET https://www.apple.com/v/home/images/fathers-day-2026/a/dots/dot14__dgvktwa9u8wi_large.png → 200 (226ms, ?B)
[2026-06-20T10:02:08.253Z] GET https://www.apple.com/v/home/images/fathers-day-2026/a/dots/dot15__fjy8yvxaua6a_large.png → 200 (260ms, ?B)
[2026-06-20T10:02:08.253Z] GET https://www.apple.com/v/home/images/fathers-day-2026/a/dots/dot16__cd8gx6phuwoi_large.png → 200 (226ms, ?B)
[2026-06-20T10:02:08.253Z] GET https://www.apple.com/v/home/images/fathers-day-2026/a/dots/dot17__f606gnfbmyaa_large.png → 200 (227ms, ?B)
[2026-06-20T10:02:08.253Z] GET https://www.apple.com/v/home/images/fathers-day-2026/a/dots/dot18__eycyqyhxfe2q_large.png → 200 (227ms, ?B)
[2026-06-20T10:02:08.253Z] GET https://www.apple.com/v/home/images/fathers-day-2026/a/dots/dot19__e1es95kmu06e_large.png → 200 (227ms, ?B)
[2026-06-20T10:02:08.253Z] GET https://www.apple.com/v/home/images/fathers-day-2026/a/dots/dot20__elwl4zodi2gm_large.png → 200 (227ms, ?B)
[2026-06-20T10:02:08.253Z] GET https://www.apple.com/v/home/images/fathers-day-2026/a/dots/dot21__fwi94oa6gtqq_large.png → 200 (227ms, ?B)
[2026-06-20T10:02:08.253Z] GET https://www.apple.com/v/home/images/fathers-day-2026/a/dots/dot22__esouhq43wjee_large.png → 200 (227ms, ?B)
[2026-06-20T10:02:08.253Z] GET https://www.apple.com/v/home/images/fathers-day-2026/a/squiggles/squiggle01__d6jreg377tm6_large.png → 200 (263ms, ?B)
[2026-06-20T10:02:08.253Z] GET https://www.apple.com/v/home/images/fathers-day-2026/a/squiggles/squiggle02__f0o9e92zsaeu_large.png → 200 (261ms, ?B)
[2026-06-20T10:02:08.255Z] GET https://www.apple.com/v/home/images/fathers-day-2026/a/squiggles/squiggle03__dzbi39i11w8y_large.png → 200 (259ms, ?B)
[2026-06-20T10:02:08.255Z] GET https://www.apple.com/v/home/images/fathers-day-2026/a/squiggles/squiggle04__fkwr12t511ea_large.png → 200 (259ms, ?B)
[2026-06-20T10:02:08.255Z] GET https://www.apple.com/v/home/images/fathers-day-2026/a/squiggles/squiggle05__cw9qsespjbiq_large.png → 200 (259ms, ?B)
[2026-06-20T10:02:08.256Z] GET https://www.apple.com/v/home/images/fathers-day-2026/a/squiggles/squiggle06__eax4wxlualw2_large.png → 200 (259ms, ?B)
[2026-06-20T10:02:08.256Z] GET https://www.apple.com/v/home/images/fathers-day-2026/a/squiggles/squiggle07__dnwnii1qbpqq_large.png → 200 (259ms, ?B)
[2026-06-20T10:02:08.256Z] GET https://www.apple.com/v/home/images/fathers-day-2026/a/squiggles/squiggle08__73vqkj13yky6_large.png → 200 (225ms, ?B)
[2026-06-20T10:02:08.256Z] GET https://www.apple.com/v/home/images/fathers-day-2026/a/squiggles/squiggle09__82w6jfv5u8im_large.png → 200 (259ms, ?B)
[2026-06-20T10:02:08.256Z] GET https://www.apple.com/v/home/images/fathers-day-2026/a/squiggles/squiggle10__cnnd79g4wvki_large.png → 200 (225ms, ?B)
[2026-06-20T10:02:08.256Z] GET https://www.apple.com/v/home/images/fathers-day-2026/a/squiggles/squiggle11__tf0wgxob1bmq_large.png → 200 (225ms, ?B)
[2026-06-20T10:02:08.256Z] GET https://www.apple.com/v/home/images/fathers-day-2026/a/squiggles/squiggle12__bkba2xtybwmq_large.png → 200 (225ms, ?B)
[2026-06-20T10:02:08.256Z] GET https://www.apple.com/v/home/images/fathers-day-2026/a/squiggles/squiggle13__wufaz1o9boim_large.png → 200 (228ms, ?B)
[2026-06-20T10:02:08.256Z] GET https://www.apple.com/ac/globalfooter/8/en_US/scripts/ac-globalfooter.built.js → 200 (292ms, ?B)
[2026-06-20T10:02:08.256Z] GET https://www.apple.com/ac/localeswitcher/4/en_US/scripts/localeswitcher.built.js → pending (?ms, ?B)
[2026-06-20T10:02:08.256Z] GET https://www.apple.com/v/home/a/scripts/fathers-day2026.built.js → 200 (261ms, ?B)
[2026-06-20T10:02:08.256Z] GET https://www.apple.com/v/home/a/built/scripts/endless-entertainment-gallery.built.js → 200 (291ms, ?B)
[2026-06-20T10:02:08.256Z] GET https://www.apple.com/v/home/a/scripts/inline-media.built.js → 200 (41ms, 2712B)
[2026-06-20T10:02:08.256Z] GET https://www.apple.com/v/home/a/scripts/main.built.js → 200 (260ms, ?B)
[2026-06-20T10:02:08.256Z] GET https://www.apple.com/v/home/a/scripts/home.built.js → 200 (261ms, ?B)
[2026-06-20T10:02:08.256Z] GET https://www.apple.com/metrics/data-relay/1.2.0/scripts/data-relay.js → 200 (292ms, ?B)
[2026-06-20T10:02:08.256Z] GET https://www.apple.com/metrics/data-relay/1.2.0/scripts/auto-relay.js → pending (?ms, ?B)
[2026-06-20T10:02:08.422Z] GET https://www.apple.com/wss/fonts/SF-Pro-Text/v3/sf-pro-text_semibold.woff2 → pending (?ms, ?B)
[2026-06-20T10:02:08.422Z] GET https://www.apple.com/wss/fonts/SF-Pro-Text/v3/sf-pro-text_regular.woff2 → pending (?ms, ?B)
[2026-06-20T10:02:08.422Z] GET https://www.apple.com/wss/fonts/SF-Pro-Display/v3/sf-pro-display_semibold.woff2 → pending (?ms, ?B)
[2026-06-20T10:02:08.576Z] GET https://www.apple.com/api-www/global-elements/global-header/v1/flyouts?locale=en_US → 200 (46ms, 41470B)
[2026-06-20T10:02:08.577Z] GET https://www.apple.com/search-services/suggestions/defaultlinks/?src=globalnav&locale=en_US → 200 (45ms, 781B)
[2026-06-20T10:02:08.577Z] GET https://www.apple.com/us/shop/bag/status?apikey=SFX9YPYY9PPXCU9KH → 200 (46ms, 789B)
[2026-06-20T10:02:08.636Z] GET https://securemetrics.apple.com/b/ss/applestoreww/1/JS-2.23.0/s5348367772351?AQB=1&ndh=1&pf=1&t=20%2F5%2F2026%2018%3A2%3A8%206%20-480&fid=0D982622E3344AC0-190AA96DD06ED636&ce=UTF-8&cdp=2&cl=1800&pageName=apple%20-%20index%2Ftab%20%28us%29&g=https%3A%2F%2Fwww.apple.com%2F&cc=USD&ch=www.us.homepage&server=ac-2.30.0&h1=www.us.homepage&v3=aos%3A%20us&l3=D%3Das_tex&c4=D%3Dg&v4=D%3DpageName&v14=en-us&c20=aos%3A%20us&v54=D%3Dg&v97=s.t-p&s=1280x720&c=24&j=1.6&v=N&k=Y&bw=1280&bh=720&AQE=1 → 302 (127ms, ?B)
[2026-06-20T10:02:08.674Z] GET https://www.apple.com/wss/fonts/SF-Pro-Display/v3/sf-pro-display_regular.woff2 → 200 (57ms, 117842B)
[2026-06-20T10:02:08.751Z] GET https://www.apple.com/ac/localeswitcher/4/en_ID/content/localeswitcher.json → 404 (124ms, 27379B)
[2026-06-20T10:02:08.763Z] GET https://securemetrics.apple.com/b/ss/applestoreww/1/JS-2.23.0/s5348367772351?AQB=1&pccr=true&vidn=351B329014749F67-6000058C03E6775B&ndh=1&pf=1&t=20%2F5%2F2026%2018%3A2%3A8%206%20-480&fid=0D982622E3344AC0-190AA96DD06ED636&ce=UTF-8&cdp=2&cl=1800&pageName=apple%20-%20index%2Ftab%20%28us%29&g=https%3A%2F%2Fwww.apple.com%2F&cc=USD&ch=www.us.homepage&server=ac-2.30.0&h1=www.us.homepage&v3=aos%3A%20us&l3=D%3Das_tex&c4=D%3Dg&v4=D%3DpageName&v14=en-us&c20=aos%3A%20us&v54=D%3Dg&v97=s.t-p&s=1280x720&c=24&j=1.6&v=N&k=Y&bw=1280&bh=720&AQE=1 → 200 (81ms, 581B)
[2026-06-20T10:02:08.843Z] GET https://www.apple.com/wss/fonts/SF-Pro-Display/v3/sf-pro-display_bold.woff2 → 200 (31ms, 128730B)
[2026-06-20T10:02:08.875Z] GET https://www.apple.com/v/home/a/scripts/ComponentMap-thvKzGgL.built.js → 200 (53ms, 2363B)
[2026-06-20T10:02:08.875Z] GET https://www.apple.com/v/home/a/scripts/_commonjsHelpers-O6R62DGM.built.js → 200 (46ms, 1123B)
[2026-06-20T10:02:08.875Z] GET https://www.apple.com/v/home/a/scripts/AnimSystemModel-CyyfEbM8.built.js → 200 (53ms, 1679B)
[2026-06-20T10:02:09.558Z] GET https://www.apple.com/v/home/images/college-students-2026/a/hero_college_students_2026__dzrtx52rt9aq_large.jpg → pending (?ms, ?B)
[2026-06-20T10:02:09.558Z] GET https://www.apple.com/v/home/images/iphone-family/a/hero_iphone_family__be5jkzxszb1e_large.jpg → pending (?ms, ?B)
[2026-06-20T10:02:09.569Z] GET https://www.apple.com/105/media/us/home/2026/8a34f301-cdc9-421f-acd2-f827b67279a6/anim/hero/large.mp4 → 206 (35ms, 197290B)
[2026-06-20T10:02:10.368Z] GET https://www.apple.com/wss/fonts/SF-Pro-Text/v3/sf-pro-text_bold.woff2 → 200 (167ms, 233441B)
[2026-06-20T10:02:10.499Z] GET https://www.apple.com/v/home/images/fathers-day-2026/a/hero_fd26_startframe__9cmey4u4wuay_small.jpg → pending (?ms, ?B)
[2026-06-20T10:02:10.499Z] GET https://www.apple.com/v/home/images/fathers-day-2026/a/hero_fd26__c9vr0hxu24eq_small.jpg → 200 (36ms, ?B)
[2026-06-20T10:02:10.499Z] GET https://www.apple.com/v/home/images/fathers-day-2026/a/stars/star01__bx1epqccfyb6_small.png → 200 (37ms, ?B)
[2026-06-20T10:02:10.499Z] GET https://www.apple.com/v/home/images/fathers-day-2026/a/stars/star02__bpdn0668cgaa_small.png → pending (?ms, ?B)
[2026-06-20T10:02:10.499Z] GET https://www.apple.com/v/home/images/fathers-day-2026/a/stars/star03__fygt511e9m2q_small.png → 200 (37ms, 1801B)
[2026-06-20T10:02:10.499Z] GET https://www.apple.com/v/home/images/fathers-day-2026/a/stars/star04__lkh28qjzjh6e_small.png → 200 (36ms, 2416B)
[2026-06-20T10:02:10.499Z] GET https://www.apple.com/v/home/images/fathers-day-2026/a/stars/star05__b4zhm6zdjpua_small.png → pending (?ms, ?B)
[2026-06-20T10:02:10.499Z] GET https://www.apple.com/v/home/images/fathers-day-2026/a/stars/star06__05r0dfrxvk22_small.png → 200 (37ms, 2451B)
[2026-06-20T10:02:10.499Z] GET https://www.apple.com/v/home/images/fathers-day-2026/a/stars/star07__e866qn7p0ei6_small.png → 200 (37ms, 1785B)
[2026-06-20T10:02:10.499Z] GET https://www.apple.com/v/home/images/fathers-day-2026/a/stars/star08__fro0u4ktaaq2_small.png → pending (?ms, ?B)
[2026-06-20T10:02:10.499Z] GET https://www.apple.com/v/home/images/fathers-day-2026/a/dots/dot01__dt9tm7j916ie_small.png → 200 (37ms, ?B)
[2026-06-20T10:02:10.499Z] GET https://www.apple.com/v/home/images/fathers-day-2026/a/dots/dot02__e79fioqje9ei_small.png → 200 (43ms, 928B)
[2026-06-20T10:02:10.499Z] GET https://www.apple.com/v/home/images/fathers-day-2026/a/dots/dot03__dcorai02peaa_small.png → 200 (44ms, ?B)
[2026-06-20T10:02:10.499Z] GET https://www.apple.com/v/home/images/fathers-day-2026/a/dots/dot04__buo74x1i9zle_small.png → pending (?ms, ?B)
[2026-06-20T10:02:10.499Z] GET https://www.apple.com/v/home/images/fathers-day-2026/a/dots/dot05__fls7q90vreie_small.png → pending (?ms, ?B)
[2026-06-20T10:02:10.499Z] GET https://www.apple.com/v/home/images/fathers-day-2026/a/dots/dot06__cs6bkjjy172a_small.png → pending (?ms, ?B)
[2026-06-20T10:02:10.499Z] GET https://www.apple.com/v/home/images/fathers-day-2026/a/dots/dot07__czt4aczvn866_small.png → pending (?ms, ?B)
[2026-06-20T10:02:10.500Z] GET https://www.apple.com/v/home/images/fathers-day-2026/a/dots/dot08__flo7zyvix9aq_small.png → pending (?ms, ?B)
[2026-06-20T10:02:10.500Z] GET https://www.apple.com/v/home/images/fathers-day-2026/a/dots/dot09__cla1vkfyvumq_small.png → pending (?ms, ?B)
[2026-06-20T10:02:10.500Z] GET https://www.apple.com/v/home/images/fathers-day-2026/a/squiggles/squiggle01__d6jreg377tm6_small.png → pending (?ms, ?B)
[2026-06-20T10:02:10.500Z] GET https://www.apple.com/v/home/images/fathers-day-2026/a/squiggles/squiggle02__f0o9e92zsaeu_small.png → pending (?ms, ?B)
[2026-06-20T10:02:10.500Z] GET https://www.apple.com/v/home/images/fathers-day-2026/a/squiggles/squiggle03__dzbi39i11w8y_small.png → pending (?ms, ?B)
[2026-06-20T10:02:10.500Z] GET https://www.apple.com/v/home/images/fathers-day-2026/a/squiggles/squiggle04__fkwr12t511ea_small.png → pending (?ms, ?B)
[2026-06-20T10:02:10.500Z] GET https://www.apple.com/v/home/images/fathers-day-2026/a/squiggles/squiggle05__cw9qsespjbiq_small.png → pending (?ms, ?B)
[2026-06-20T10:02:10.500Z] GET https://www.apple.com/v/home/images/fathers-day-2026/a/squiggles/squiggle06__eax4wxlualw2_small.png → pending (?ms, ?B)
[2026-06-20T10:02:10.500Z] GET https://www.apple.com/v/home/images/fathers-day-2026/a/squiggles/squiggle07__dnwnii1qbpqq_small.png → pending (?ms, ?B)
[2026-06-20T10:02:10.500Z] GET https://www.apple.com/v/home/images/fathers-day-2026/a/squiggles/squiggle08__73vqkj13yky6_small.png → pending (?ms, ?B)
[2026-06-20T10:02:10.500Z] GET https://www.apple.com/v/home/images/college-students-2026/a/hero_college_students_2026__dzrtx52rt9aq_small.jpg → pending (?ms, ?B)
[2026-06-20T10:02:10.500Z] GET https://www.apple.com/v/home/images/iphone-family/a/hero_iphone_family__be5jkzxszb1e_small.jpg → pending (?ms, ?B)
[2026-06-20T10:02:10.701Z] GET https://securemetrics.apple.com/b/ss/applestoreww/1/JS-2.23.0/s53895841203921?AQB=1&ndh=1&pf=1&t=20%2F5%2F2026%2018%3A2%3A10%206%20-480&fid=0D982622E3344AC0-190AA96DD06ED636&ce=UTF-8&cdp=2&cl=1800&pageName=apple%20-%20index%2Ftab%20%28us%29&g=https%3A%2F%2Fwww.apple.com%2F&cc=USD&events=event243%3D1.37%2Cevent244&h1=www.us.homepage&l3=D%3Das_tex&v4=D%3DpageName&v14=en-us&c34=hero-fathers-day-2026&c35=1.37&c36=1&v54=D%3Dg&v97=s.tl-o&pe=lnk_o&pev2=section%20engagement&s=1280x720&c=24&j=1.6&v=N&k=Y&bw=1280&bh=720&lrt=231&AQE=1 → 200 (24ms, 581B)
[2026-06-20T10:02:12.129Z] GET https://www.apple.com/v/home/images/macbook-air-m5/a/promo_macbook_air_m5__e5xk2yysqiie_small.jpg → 200 (?ms, 30918B)
[2026-06-20T10:02:12.362Z] GET https://www.apple.com/v/home/images/fathers-day-2026/a/hero_fd26__c9vr0hxu24eq_large.jpg → 200 (21ms, -1041B)
[2026-06-20T10:02:12.363Z] GET https://www.apple.com/v/home/images/college-students-2026/a/hero_college_students_2026__dzrtx52rt9aq_large.jpg → 200 (21ms, -1041B)
[2026-06-20T10:02:12.366Z] GET https://www.apple.com/v/home/images/iphone-family/a/hero_iphone_family__be5jkzxszb1e_large.jpg → 200 (18ms, -1040B)
[2026-06-20T10:02:12.366Z] GET https://www.apple.com/v/home/images/macbook-air-m5/a/promo_macbook_air_m5__e5xk2yysqiie_large.jpg → 200 (21ms, 45544B)
[2026-06-20T10:02:18.819Z] GET https://stripe.com/ → 200 (79ms, 170206B)
[2026-06-20T10:02:18.977Z] GET https://b.stripecdn.com/mkt-ssr-statics/assets/_next/static/media/Sohne.cb178166.woff2 → 200 (357ms, 59452B)
[2026-06-20T10:02:18.977Z] GET https://b.stripecdn.com/mkt-ssr-statics/assets/_next/static/media/SourceCodePro-Medium.f5ba3e6a.woff2 → 200 (360ms, 12424B)
[2026-06-20T10:02:18.977Z] GET https://images.stripeassets.com/fzn2n1nzq965/115d4Vd5LVAsqFGDR1ClAv/0ceb2c44a7a7182cd624262420af7544/wave-fallback-desktop.png?w=1392&fm=webp&q=60 → 200 (280ms, 33940B)
[2026-06-20T10:02:18.978Z] GET https://images.stripeassets.com/fzn2n1nzq965/5DrmXrFYpKk43Kj0I1MXQr/287b3c2a13ae8d4d7d0bf8305037de4e/palette.png?fm=webp&q=95 → 200 (272ms, 11903B)
[2026-06-20T10:02:18.978Z] GET https://b.stripecdn.com/mkt-ssr-statics/assets/_next/static/css/01e4fd07fe2a2b12.css → 200 (361ms, 1377B)
[2026-06-20T10:02:18.978Z] GET https://b.stripecdn.com/mkt-ssr-statics/assets/_next/static/css/415824979562eaca.css → 200 (370ms, 6253B)
[2026-06-20T10:02:18.978Z] GET https://b.stripecdn.com/mkt-ssr-statics/assets/_next/static/css/d06152913e8d39e6.css → 200 (370ms, 4164B)
[2026-06-20T10:02:18.978Z] GET https://b.stripecdn.com/mkt-ssr-statics/assets/_next/static/css/0e38726ed39fdb12.css → 200 (344ms, 36452B)
[2026-06-20T10:02:18.978Z] GET https://b.stripecdn.com/mkt-ssr-statics/assets/_next/static/css/ca9b9809eeb99b6f.css → 200 (340ms, 10631B)
[2026-06-20T10:02:18.978Z] GET https://b.stripecdn.com/mkt-ssr-statics/assets/_next/static/css/e07e144a3b1db9ca.css → 200 (360ms, 5390B)
[2026-06-20T10:02:18.978Z] GET https://b.stripecdn.com/mkt-ssr-statics/assets/_next/static/chunks/2791.83aa5fb914de3e9d.js → 200 (560ms, ?B)
[2026-06-20T10:02:18.978Z] GET https://b.stripecdn.com/mkt-ssr-statics/assets/_next/static/chunks/15263.83460f5b8af8173e.js → 200 (576ms, ?B)
[2026-06-20T10:02:18.978Z] GET https://b.stripecdn.com/mkt-ssr-statics/assets/_next/static/chunks/34552.fae148eb6b06113b.js → 200 (609ms, ?B)
[2026-06-20T10:02:18.978Z] GET https://b.stripecdn.com/mkt-ssr-statics/assets/_next/static/chunks/76629.396a50238922b152.js → 200 (610ms, ?B)
[2026-06-20T10:02:18.978Z] GET https://b.stripecdn.com/mkt-ssr-statics/assets/_next/static/chunks/96201.b69ca6d7416f24b0.js → 200 (561ms, ?B)
[2026-06-20T10:02:18.978Z] GET https://b.stripecdn.com/mkt-ssr-statics/assets/_next/static/chunks/77723.dd3ba52791b41cc0.js → 200 (561ms, ?B)
[2026-06-20T10:02:18.978Z] GET https://b.stripecdn.com/mkt-ssr-statics/assets/_next/static/chunks/96550.6f7488d7e4331269.js → 200 (609ms, ?B)
[2026-06-20T10:02:18.978Z] GET https://b.stripecdn.com/mkt-ssr-statics/assets/_next/static/chunks/90167.4103b51af0a095b1.js → 200 (561ms, ?B)
[2026-06-20T10:02:18.978Z] GET https://b.stripecdn.com/mkt-ssr-statics/assets/_next/static/chunks/12303.cbfd64dcc7cf7100.js → 200 (609ms, ?B)
[2026-06-20T10:02:18.978Z] GET https://b.stripecdn.com/mkt-ssr-statics/assets/_next/static/chunks/26610.3de3ba4fcdbc5c38.js → 200 (610ms, ?B)
[2026-06-20T10:02:18.978Z] GET https://b.stripecdn.com/mkt-ssr-statics/assets/_next/static/chunks/45402.17f4152a5b632314.js → pending (?ms, ?B)
[2026-06-20T10:02:18.978Z] GET https://b.stripecdn.com/mkt-ssr-statics/assets/_next/static/chunks/24559.5b18d758fe1e63c7.js → 200 (610ms, ?B)
[2026-06-20T10:02:18.978Z] GET https://b.stripecdn.com/mkt-ssr-statics/assets/_next/static/chunks/13956.1a44ca5c0dc36ae3.js → 200 (560ms, ?B)
[2026-06-20T10:02:18.978Z] GET https://b.stripecdn.com/mkt-ssr-statics/assets/_next/static/chunks/42977.fed8892d9b670f89.js → pending (?ms, ?B)
[2026-06-20T10:02:18.978Z] GET https://b.stripecdn.com/mkt-ssr-statics/assets/_next/static/chunks/53817.41e05ba1b3446007.js → pending (?ms, ?B)
[2026-06-20T10:02:18.978Z] GET https://b.stripecdn.com/mkt-ssr-statics/assets/_next/static/chunks/79982.3b88455c414a7bfe.js → 200 (613ms, ?B)
[2026-06-20T10:02:18.978Z] GET https://b.stripecdn.com/mkt-ssr-statics/assets/_next/static/chunks/10648.e776ad5ab3e19057.js → 200 (610ms, ?B)
[2026-06-20T10:02:18.978Z] GET https://b.stripecdn.com/mkt-ssr-statics/assets/_next/static/chunks/82792.46f95ea7b23ac1a3.js → pending (?ms, ?B)
[2026-06-20T10:02:18.978Z] GET https://b.stripecdn.com/mkt-ssr-statics/assets/_next/static/chunks/92990.46ff2fd0e9076cf0.js → pending (?ms, ?B)
[2026-06-20T10:02:18.978Z] GET https://b.stripecdn.com/mkt-ssr-statics/assets/_next/static/chunks/86467.d924a26a13940f4d.js → pending (?ms, ?B)
[2026-06-20T10:02:18.978Z] GET https://b.stripecdn.com/mkt-ssr-statics/assets/_next/static/chunks/83316.2d4c534f14716a88.js → 200 (614ms, ?B)
[2026-06-20T10:02:18.978Z] GET https://b.stripecdn.com/mkt-ssr-statics/assets/_next/static/chunks/48158.13de208e4f503036.js → pending (?ms, ?B)
[2026-06-20T10:02:18.978Z] GET https://b.stripecdn.com/mkt-ssr-statics/assets/_next/static/chunks/41485.c80134e97ad98903.js → pending (?ms, ?B)
[2026-06-20T10:02:18.978Z] GET https://b.stripecdn.com/mkt-ssr-statics/assets/_next/static/chunks/39813.b415e65e709c0a35.js → pending (?ms, ?B)
[2026-06-20T10:02:18.978Z] GET https://b.stripecdn.com/mkt-ssr-statics/assets/_next/static/chunks/81622.ee3fedce3233c578.js → pending (?ms, ?B)
[2026-06-20T10:02:18.978Z] GET https://b.stripecdn.com/mkt-ssr-statics/assets/_next/static/chunks/50710.befec694e53df05f.js → pending (?ms, ?B)
[2026-06-20T10:02:18.978Z] GET https://b.stripecdn.com/mkt-ssr-statics/assets/_next/static/chunks/70111.4a9081fa5e08fa2d.js → pending (?ms, ?B)
[2026-06-20T10:02:18.978Z] GET https://b.stripecdn.com/mkt-ssr-statics/assets/_next/static/chunks/2165.68c878dbdef1d80d.js → pending (?ms, ?B)
[2026-06-20T10:02:18.979Z] GET https://b.stripecdn.com/mkt-ssr-statics/assets/_next/static/chunks/87494.78d0914d22eefda0.js → pending (?ms, ?B)
[2026-06-20T10:02:18.979Z] GET https://b.stripecdn.com/mkt-ssr-statics/assets/_next/static/chunks/11740.e1f0616425c20e70.js → pending (?ms, ?B)
[2026-06-20T10:02:18.979Z] GET https://b.stripecdn.com/mkt-ssr-statics/assets/_next/static/chunks/99568.8881a151804c89bd.js → pending (?ms, ?B)
[2026-06-20T10:02:18.979Z] GET https://b.stripecdn.com/mkt-ssr-statics/assets/_next/static/chunks/72671.ca5ed11ffd75aac9.js → pending (?ms, ?B)
[2026-06-20T10:02:18.979Z] GET https://b.stripecdn.com/mkt-ssr-statics/assets/_next/static/chunks/69145.f19e40de79be702e.js → pending (?ms, ?B)
[2026-06-20T10:02:18.979Z] GET https://b.stripecdn.com/mkt-ssr-statics/assets/_next/static/chunks/48661.a57e02e839fecd13.js → pending (?ms, ?B)
[2026-06-20T10:02:18.979Z] GET https://b.stripecdn.com/mkt-ssr-statics/assets/_next/static/chunks/24926.bd4cc18d62586f60.js → pending (?ms, ?B)
[2026-06-20T10:02:18.979Z] GET https://b.stripecdn.com/mkt-ssr-statics/assets/_next/static/chunks/93027.249adbfe02a2ea95.js → pending (?ms, ?B)
[2026-06-20T10:02:18.979Z] GET https://b.stripecdn.com/mkt-ssr-statics/assets/_next/static/chunks/4974.02a5d8bc0b5e0863.js → pending (?ms, ?B)
[2026-06-20T10:02:18.979Z] GET https://b.stripecdn.com/mkt-ssr-statics/assets/_next/static/chunks/46537.50651df30a8c5fa4.js → pending (?ms, ?B)
[2026-06-20T10:02:18.979Z] GET https://b.stripecdn.com/mkt-ssr-statics/assets/_next/static/chunks/42560.d6bdb7e42237de67.js → pending (?ms, ?B)
[2026-06-20T10:02:18.979Z] GET https://b.stripecdn.com/mkt-ssr-statics/assets/_next/static/chunks/16769.3ad7652c9d10fd9e.js → pending (?ms, ?B)
[2026-06-20T10:02:18.979Z] GET https://b.stripecdn.com/mkt-ssr-statics/assets/_next/static/chunks/36766.f8478232cd8b3aed.js → pending (?ms, ?B)
[2026-06-20T10:02:18.979Z] GET https://b.stripecdn.com/mkt-ssr-statics/assets/_next/static/chunks/webpack-292506e56e23e04b.js → pending (?ms, ?B)
[2026-06-20T10:02:18.979Z] GET https://b.stripecdn.com/mkt-ssr-statics/assets/_next/static/chunks/framework-bfbcaa5a2903bc7d.js → pending (?ms, ?B)
[2026-06-20T10:02:18.979Z] GET https://b.stripecdn.com/mkt-ssr-statics/assets/_next/static/chunks/main-df8f4439c330196b.js → pending (?ms, ?B)
[2026-06-20T10:02:18.983Z] GET https://b.stripecdn.com/mkt-ssr-statics/assets/_next/static/chunks/pages/_app-973e06f19210cc5e.js → pending (?ms, ?B)
[2026-06-20T10:02:18.984Z] GET https://b.stripecdn.com/mkt-ssr-statics/assets/_next/static/chunks/3dfade9e-4ca93d92ac876e62.js → pending (?ms, ?B)
[2026-06-20T10:02:18.984Z] GET https://b.stripecdn.com/mkt-ssr-statics/assets/_next/static/chunks/c67c952e-7f65a464f661b1d2.js → pending (?ms, ?B)
[2026-06-20T10:02:18.984Z] GET https://b.stripecdn.com/mkt-ssr-statics/assets/_next/static/chunks/55369f66-92e84f6aba0a73a8.js → pending (?ms, ?B)
[2026-06-20T10:02:18.984Z] GET https://b.stripecdn.com/mkt-ssr-statics/assets/_next/static/chunks/74107-1c2d3128a7a843d6.js → pending (?ms, ?B)
[2026-06-20T10:02:18.984Z] GET https://b.stripecdn.com/mkt-ssr-statics/assets/_next/static/chunks/12267-692ae55ed1c1ab04.js → pending (?ms, ?B)
[2026-06-20T10:02:18.984Z] GET https://b.stripecdn.com/mkt-ssr-statics/assets/_next/static/chunks/96834-6100e9cdf9c86a29.js → pending (?ms, ?B)
[2026-06-20T10:02:18.984Z] GET https://b.stripecdn.com/mkt-ssr-statics/assets/_next/static/chunks/61049-92938bfaa4e906a3.js → pending (?ms, ?B)
[2026-06-20T10:02:18.984Z] GET https://b.stripecdn.com/mkt-ssr-statics/assets/_next/static/chunks/83686-5a9cc5c68b0c487e.js → pending (?ms, ?B)
[2026-06-20T10:02:18.984Z] GET https://b.stripecdn.com/mkt-ssr-statics/assets/_next/static/chunks/35546-d53e02f8a917cfc0.js → pending (?ms, ?B)
[2026-06-20T10:02:18.984Z] GET https://b.stripecdn.com/mkt-ssr-statics/assets/_next/static/chunks/51413-98c06c21ac108058.js → pending (?ms, ?B)
[2026-06-20T10:02:18.984Z] GET https://b.stripecdn.com/mkt-ssr-statics/assets/_next/static/chunks/8542-04671882bfe8d457.js → pending (?ms, ?B)
[2026-06-20T10:02:18.984Z] GET https://b.stripecdn.com/mkt-ssr-statics/assets/_next/static/chunks/42941-09a6fc5e1be510d3.js → pending (?ms, ?B)
[2026-06-20T10:02:18.984Z] GET https://b.stripecdn.com/mkt-ssr-statics/assets/_next/static/chunks/25586-5ee80286c094c14c.js → pending (?ms, ?B)
[2026-06-20T10:02:18.984Z] GET https://b.stripecdn.com/mkt-ssr-statics/assets/_next/static/chunks/12142-a5c1e2ae95f0a4e8.js → pending (?ms, ?B)
[2026-06-20T10:02:19.002Z] GET https://b.stripecdn.com/mkt-ssr-statics/assets/_next/static/chunks/75800-43c0ac6fd2bcbb6b.js → pending (?ms, ?B)
[2026-06-20T10:02:19.002Z] GET https://b.stripecdn.com/mkt-ssr-statics/assets/_next/static/chunks/14108-686e8903e46bf6c8.js → pending (?ms, ?B)
[2026-06-20T10:02:19.002Z] GET https://b.stripecdn.com/mkt-ssr-statics/assets/_next/static/chunks/72170-9fc5a9de4f1e0bcc.js → pending (?ms, ?B)
[2026-06-20T10:02:19.006Z] GET https://b.stripecdn.com/mkt-ssr-statics/assets/_next/static/chunks/64556-2b1f9fa9550860e4.js → pending (?ms, ?B)
[2026-06-20T10:02:19.006Z] GET https://b.stripecdn.com/mkt-ssr-statics/assets/_next/static/chunks/79854-78a355a350650e7d.js → pending (?ms, ?B)
[2026-06-20T10:02:19.006Z] GET https://b.stripecdn.com/mkt-ssr-statics/assets/_next/static/chunks/22359-f7b25d95eefcc938.js → pending (?ms, ?B)
[2026-06-20T10:02:19.006Z] GET https://b.stripecdn.com/mkt-ssr-statics/assets/_next/static/chunks/99068-0ef27e88f1ae7687.js → pending (?ms, ?B)
[2026-06-20T10:02:19.006Z] GET https://b.stripecdn.com/mkt-ssr-statics/assets/_next/static/chunks/4925-bd5e1acd66ffac79.js → pending (?ms, ?B)
[2026-06-20T10:02:19.006Z] GET https://b.stripecdn.com/mkt-ssr-statics/assets/_next/static/chunks/49771-1f579973cc75c224.js → pending (?ms, ?B)
[2026-06-20T10:02:19.006Z] GET https://b.stripecdn.com/mkt-ssr-statics/assets/_next/static/chunks/42385-f6e13bd4b5e002c7.js → pending (?ms, ?B)
[2026-06-20T10:02:19.006Z] GET https://b.stripecdn.com/mkt-ssr-statics/assets/_next/static/chunks/pages/index-68c28f7d5cdb79f9.js → pending (?ms, ?B)
[2026-06-20T10:02:19.006Z] GET https://b.stripecdn.com/mkt-ssr-statics/assets/_next/static/tSC3OU8V1CVrepnX59M%2B6mq64GvzyBMTYpG82K2CiOE%3D/_buildManifest.js → pending (?ms, ?B)
[2026-06-20T10:02:19.006Z] GET https://b.stripecdn.com/mkt-ssr-statics/assets/_next/static/tSC3OU8V1CVrepnX59M%2B6mq64GvzyBMTYpG82K2CiOE%3D/_ssgManifest.js → pending (?ms, ?B)
[2026-06-20T10:02:19.535Z] GET https://images.ctfassets.net/fzn2n1nzq965/243SyQMmyCkQOj9SIYcV9m/9ca6154f96e65aa92bb35401e70f3725/Frame_2147247494.png → pending (?ms, ?B)
[2026-06-20T10:02:19.536Z] GET https://images.stripeassets.com/fzn2n1nzq965/vYmk6v8n7oDAwbDpwhjV6/846f9b3e214549b8f14e2b8c8cfe9343/payment-bento-background.jpg?w=860&fm=webp&q=80 → pending (?ms, ?B)
[2026-06-20T10:02:19.538Z] GET https://images.stripeassets.com/fzn2n1nzq965/1j4wM9h2bBsyRFvTv6Wsn0/07f4b9b1e1e17fdc509d9087454dd8bc/ConnectBentoBackground.jpg?w=1242&fm=webp&q=90 → pending (?ms, ?B)
[2026-06-20T10:02:19.538Z] GET https://images.stripeassets.com/fzn2n1nzq965/2YFdgdFPeIiDpmQbhHPAx8/186752498bf713fea245f31bcec84f8a/sessions-2026-on-demand-bg.png?w=1632&fm=webp&q=90 → pending (?ms, ?B)
[2026-06-20T10:02:20.076Z] GET https://images.stripeassets.com/fzn2n1nzq965/2hmAf1AbLIejlWrAYU4iiK/cf0f4918753c76d8e37782e084d16320/map_dots.png → 200 (473ms, 73503B)
[2026-06-20T10:02:20.130Z] GET https://b.stripecdn.com/stripethirdparty-srv/assets/v32.16/PrivacyCompliance.html?id=f1633b97-1d65-4083-bed6-13cc446acfed&origin=https%3A%2F%2Fstripe.com → 200 (15ms, ?B)
[2026-06-20T10:02:20.549Z] GET https://b.stripecdn.com/mkt-ssr-statics/assets/_next/static/chunks/8707.ecfa1048a1b9d6ae.js → 200 (32ms, 1736B)
[2026-06-20T10:02:20.581Z] GET https://images.stripeassets.com/fzn2n1nzq965/78eaknFXeySTtfpQUh4lD2/e2a97240d78e6e239bcfe045d5b21239/particles.png?w=514&fm=webp&q=90 → pending (?ms, ?B)
[2026-06-20T10:02:20.581Z] GET https://images.stripeassets.com/fzn2n1nzq965/1zneiFjZyS8cGQvki2cGqz/35294f1866720bec6d80fb2532270258/card-placeholder_2x.png?w=447&fm=webp&q=90 → pending (?ms, ?B)
[2026-06-20T10:02:20.581Z] GET https://images.stripeassets.com/fzn2n1nzq965/7dwxc06fkzWOmlwBs9GezW/667c1af2d03a023fc61ea4cec995204d/money-movement-fallback_2x.png?w=447&fm=webp&q=90 → pending (?ms, ?B)
[2026-06-20T10:02:20.753Z] GET https://stripe.com/notifications?as=json → 200 (656ms, 2940B)
[2026-06-20T10:02:20.820Z] GET https://stripe.com/_workers/_next/static/chunks/dotGeneration.worker.bf20e833.js → 200 (223ms, 2918B)
[2026-06-20T10:02:20.837Z] GET https://ext.stripe.com/universal-chat/agent-availability?qr=qvb&country=US → 200 (431ms, 1028B)
[2026-06-20T10:02:20.867Z] GET https://b.stripecdn.com/stripethirdparty-srv/assets/v32.16/vendors~AddressAutocomplete~AffirmInContext~AfterpayInContext~AlgoliaSearch~AmazonPayButton~ApplePay~834487d7.1fe7f389cb7255baebcd.bundle.js → 200 (144ms, 23556B)
[2026-06-20T10:02:20.867Z] GET https://b.stripecdn.com/stripethirdparty-srv/assets/v32.16/PrivacyCompliance.2a784d61fe051092c5dd.bundle.js → 200 (143ms, 3455B)
[2026-06-20T10:02:20.990Z] GET https://b.stripecdn.com/mkt-ssr-statics/assets/_next/static/chunks/46687.68adb3771004a469.js → 200 (21ms, 6989B)
[2026-06-20T10:02:21.042Z] GET https://b.stripecdn.com/mkt-ssr-statics/assets/_next/static/chunks/50582.fb4a3d13071d1490.js → 200 (225ms, 23381B)
[2026-06-20T10:02:21.042Z] GET https://b.stripecdn.com/mkt-ssr-statics/assets/_next/static/chunks/90968.b095612890161787.js → 200 (223ms, 5236B)
[2026-06-20T10:02:21.265Z] GET https://images.stripeassets.com/fzn2n1nzq965/1Vf8oT9Fm6dEwpnEx5PgK1/055956f38d7fd8b0cc7419692ef29778/bento-terminal.png?w=308&fm=webp&q=90 → 200 (48ms, 12730B)
[2026-06-20T10:02:21.265Z] GET https://images.stripeassets.com/fzn2n1nzq965/6BTjJGdjfGVA8brPwj7p3M/fcf084ff85142366e118fe85ee78b632/payments-electric-kettle.jpg?w=80&fm=webp&q=90 → 200 (74ms, 1024B)
[2026-06-20T10:02:21.502Z] GET https://b.stripecdn.com/mkt-ssr-statics/assets/_next/static/css/f73a927287a9f564.css → 200 (42ms, 1163B)
[2026-06-20T10:02:21.502Z] GET https://b.stripecdn.com/mkt-ssr-statics/assets/_next/static/chunks/33710.ebed21a425f6c753.js → 200 (44ms, 1558B)
[2026-06-20T10:02:21.590Z] GET https://b.stripecdn.com/stripethirdparty-srv/assets/v32.16/GoogleTagManager.html?id=b17080cf-e053-40a1-88eb-1baac65094d1&origin=https%3A%2F%2Fstripe.com → pending (?ms, ?B)
[2026-06-20T10:02:21.591Z] GET https://stripe.com/source-attribution/imt.js → pending (?ms, ?B)
[2026-06-20T10:02:21.646Z] GET https://b.stripecdn.com/stripethirdparty-srv/assets/v32.16/vendors~AddressAutocomplete~AffirmInContext~AfterpayInContext~AlgoliaSearch~AmazonPayButton~ApplePay~834487d7.1fe7f389cb7255baebcd.bundle.js → 200 (1ms, -670B)
[2026-06-20T10:02:21.647Z] GET https://b.stripecdn.com/stripethirdparty-srv/assets/v32.16/GoogleTagManager.d1238f0d2797867a533d.bundle.js → 200 (78ms, 3725B)
[2026-06-20T10:02:21.746Z] GET https://www.googletagmanager.com/gtm.js?id=GTM-WK8882T → 200 (198ms, 171367B)
[2026-06-20T10:02:21.747Z] GET https://stripe.com/cookie-settings/enforcement-mode → 200 (465ms, 2896B)
[2026-06-20T10:02:21.803Z] GET https://b.stripecdn.com/mkt-statics-srv/assets/imt-c6db40f85b2b62ab8b55cf59ec83fabf.js → 200 (58ms, 18556B)
[2026-06-20T10:02:21.898Z] GET https://stripe.com/cookie-settings/enforcement-mode → 200 (128ms, 2896B)
[2026-06-20T10:02:22.106Z] GET https://b.stripecdn.com/mkt-ssr-statics/assets/_next/static/chunks/36322.1afe8adb9afbca38.js → 200 (55ms, 2901B)
[2026-06-20T10:02:22.107Z] POST https://r.stripe.com/0 → pending (?ms, ?B)
[2026-06-20T10:02:22.107Z] POST https://r.stripe.com/0 → pending (?ms, ?B)
[2026-06-20T10:02:22.107Z] POST https://r.stripe.com/0 → pending (?ms, ?B)
[2026-06-20T10:02:22.107Z] POST https://r.stripe.com/0 → pending (?ms, ?B)
[2026-06-20T10:02:22.111Z] POST https://r.stripe.com/0 → pending (?ms, ?B)
[2026-06-20T10:02:22.111Z] GET https://q.stripe.com/?cid=198d711c-2c59-700d-2e58-031609206229&lsid=198d711c-2c59-700d-2e58-031609206229&analytics_ua=analytics.js-CURRENT_VERSION&ua_browser_name=Chrome%20Headless&ua_browser_version=145.0.7632.6&ua_os_name=Linux&ua_os_version=x86_64&ua_engine_name=Blink&ua_engine_version=145.0.7632.6&page=%2F&referrer=&domain=stripe.com&viewport_height=720&viewport_width=1280&bot=true&title=Stripe%20%7C%20Financial%20Infrastructure%20to%20Grow%20Your%20Revenue&mkt_path=%2F&from_mkt_srv=true&document_height=14591&scroll_y=0&stripe_locale=en-US&unglobalized_path=%2F&token_b057adf6=b057adf658f71a7d707eebe0954c2935d9bdf2e1&viewed_name=home&event=home.viewed&event_count=1&page_view_id=5644438c-1241-4775-919d-1e85e6d6437b&event_id=5644438c-1241-4775-919d-1e85e6d6437b_1&privacy_consent_loaded=true&privacy_consent_advertising=false&privacy_consent_functional=true → pending (?ms, ?B)
[2026-06-20T10:02:22.111Z] GET https://q.stripe.com/?cid=198d711c-2c59-700d-2e58-031609206229&lsid=198d711c-2c59-700d-2e58-031609206229&analytics_ua=analytics.js-CURRENT_VERSION&ua_browser_name=Chrome%20Headless&ua_browser_version=145.0.7632.6&ua_os_name=Linux&ua_os_version=x86_64&ua_engine_name=Blink&ua_engine_version=145.0.7632.6&page=%2F&referrer=&domain=stripe.com&viewport_height=720&viewport_width=1280&bot=true&title=Stripe%20%7C%20Financial%20Infrastructure%20to%20Grow%20Your%20Revenue&mkt_path=%2F&fromMktSrv=true&experimentId=wpp_console_mvp_nav_cta&variantId=treatment&arbId=595c06d0-f9d3-01d0-6f47-375221f61acd&document_height=14591&scroll_y=0&stripe_locale=en-US&unglobalized_path=%2F&token_b057adf6=b057adf658f71a7d707eebe0954c2935d9bdf2e1&action_name=experiment_exposed&viewed_name=home&event=experiment_exposed.action&event_count=2&page_view_id=5644438c-1241-4775-919d-1e85e6d6437b&event_id=5644438c-1241-4775-919d-1e85e6d6437b_2&privacy_consent_loaded=true&privacy_consent_advertising=false&privacy_consent_functional=true → pending (?ms, ?B)
[2026-06-20T10:02:22.111Z] GET https://q.stripe.com/?cid=198d711c-2c59-700d-2e58-031609206229&lsid=198d711c-2c59-700d-2e58-031609206229&analytics_ua=analytics.js-CURRENT_VERSION&ua_browser_name=Chrome%20Headless&ua_browser_version=145.0.7632.6&ua_os_name=Linux&ua_os_version=x86_64&ua_engine_name=Blink&ua_engine_version=145.0.7632.6&page=%2F&referrer=&domain=stripe.com&viewport_height=720&viewport_width=1280&bot=true&title=Stripe%20%7C%20Financial%20Infrastructure%20to%20Grow%20Your%20Revenue&mkt_path=%2F&fromMktSrv=true&experimentId=wpp_react_homepage_aa&variantId=control&arbId=595c06d0-f9d3-01d0-6f47-375221f61acd&document_height=14591&scroll_y=0&stripe_locale=en-US&unglobalized_path=%2F&token_b057adf6=b057adf658f71a7d707eebe0954c2935d9bdf2e1&action_name=experiment_exposed&viewed_name=home&event=experiment_exposed.action&event_count=3&page_view_id=5644438c-1241-4775-919d-1e85e6d6437b&event_id=5644438c-1241-4775-919d-1e85e6d6437b_3&privacy_consent_loaded=true&privacy_consent_advertising=false&privacy_consent_functional=true → pending (?ms, ?B)
[2026-06-20T10:02:22.111Z] GET https://q.stripe.com/?cid=198d711c-2c59-700d-2e58-031609206229&lsid=198d711c-2c59-700d-2e58-031609206229&analytics_ua=analytics.js-CURRENT_VERSION&ua_browser_name=Chrome%20Headless&ua_browser_version=145.0.7632.6&ua_os_name=Linux&ua_os_version=x86_64&ua_engine_name=Blink&ua_engine_version=145.0.7632.6&page=%2F&referrer=&domain=stripe.com&viewport_height=720&viewport_width=1280&bot=true&title=Stripe%20%7C%20Financial%20Infrastructure%20to%20Grow%20Your%20Revenue&mkt_path=%2F&fromMktSrv=true&experimentId=acquisition_chat_cta&variantId=control&arbId=595c06d0-f9d3-01d0-6f47-375221f61acd&document_height=14591&scroll_y=0&stripe_locale=en-US&unglobalized_path=%2F&token_b057adf6=b057adf658f71a7d707eebe0954c2935d9bdf2e1&action_name=experiment_exposed&viewed_name=home&event=experiment_exposed.action&event_count=4&page_view_id=5644438c-1241-4775-919d-1e85e6d6437b&event_id=5644438c-1241-4775-919d-1e85e6d6437b_4&privacy_consent_loaded=true&privacy_consent_advertising=false&privacy_consent_functional=true → pending (?ms, ?B)
[2026-06-20T10:02:22.111Z] GET https://q.stripe.com/?cid=198d711c-2c59-700d-2e58-031609206229&lsid=198d711c-2c59-700d-2e58-031609206229&analytics_ua=analytics.js-CURRENT_VERSION&ua_browser_name=Chrome%20Headless&ua_browser_version=145.0.7632.6&ua_os_name=Linux&ua_os_version=x86_64&ua_engine_name=Blink&ua_engine_version=145.0.7632.6&page=%2F&referrer=&domain=stripe.com&viewport_height=720&viewport_width=1280&bot=true&category=Custom%20interactive%20components&label=Cookie%20notification%20(Reject%20all)%3A%20Banner%20displayed&value=undefined&from_mkt_srv=true&document_height=14591&scroll_y=0&stripe_locale=en-US&unglobalized_path=%2F&token_b057adf6=b057adf658f71a7d707eebe0954c2935d9bdf2e1&action_name=viewed&viewed_name=home&event=viewed.action&event_count=5&page_view_id=5644438c-1241-4775-919d-1e85e6d6437b&event_id=5644438c-1241-4775-919d-1e85e6d6437b_5&privacy_consent_loaded=true&privacy_consent_advertising=false&privacy_consent_functional=true → pending (?ms, ?B)
[2026-06-20T10:02:22.137Z] POST https://q.stripe.com/csp-report → pending (?ms, ?B)
[2026-06-20T10:02:22.138Z] GET https://www.googletagmanager.com/gtag/destination?id=G-SEKFWD1C9J&cx=c&gtm=4e66h0 → 200 (88ms, 179629B)
[2026-06-20T10:02:23.275Z] GET https://images.stripeassets.com/fzn2n1nzq965/18ArQFiazlljjIKGV0OnTb/2e15cabc1c905bb65e7de2678d3b60a9/wave-fallback-mobile.png?w=624&fm=webp&q=60 → 200 (11ms, 18322B)
[2026-06-20T10:02:26.683Z] GET https://q.stripe.com/?cid=198d711c-2c59-700d-2e58-031609206229&lsid=198d711c-2c59-700d-2e58-031609206229&analytics_ua=analytics.js-CURRENT_VERSION&ua_browser_name=Chrome%20Headless&ua_browser_version=145.0.7632.6&ua_os_name=Linux&ua_os_version=x86_64&ua_engine_name=Blink&ua_engine_version=145.0.7632.6&page=%2F&referrer=&domain=stripe.com&viewport_height=720&viewport_width=1280&bot=true&from_mkt_srv=true&ttfb=83.90000000596046&fps=25.561014473661217&document_height=14591&scroll_y=0&stripe_locale=en-US&unglobalized_path=%2F&token_b057adf6=b057adf658f71a7d707eebe0954c2935d9bdf2e1&action_name=web_vitals&viewed_name=home&event=web_vitals.action&event_count=6&page_view_id=5644438c-1241-4775-919d-1e85e6d6437b&event_id=5644438c-1241-4775-919d-1e85e6d6437b_6&privacy_consent_loaded=true&privacy_consent_functional=true&privacy_consent_advertising=false → 200 (133ms, 285B)
[2026-06-20T10:02:26.683Z] POST https://r.stripe.com/0 → 200 (144ms, ?B)
[2026-06-20T10:02:27.254Z] GET https://images.stripeassets.com/fzn2n1nzq965/18ArQFiazlljjIKGV0OnTb/2e15cabc1c905bb65e7de2678d3b60a9/wave-fallback-mobile.png?w=624&fm=webp&q=60 → 200 (4ms, -517B)
[2026-06-20T10:02:27.254Z] GET https://images.stripeassets.com/fzn2n1nzq965/m9HBEK464p46FeNIhs2PV/f5054a93c8a0a6aabdd1c47675d610ae/wave_crop.jpg?w=396&fm=webp&q=80 → 200 (87ms, 5093B)
[2026-06-20T10:02:27.257Z] GET https://images.stripeassets.com/fzn2n1nzq965/43eqkFV1GG5GqcbNNeEzVp/8f4705b1b80a4c835c2960ed8055d649/ConnectMobileBackground.jpg?w=396&fm=webp&q=90 → 200 (85ms, 26174B)
[2026-06-20T10:02:27.257Z] GET https://images.stripeassets.com/fzn2n1nzq965/5Dr3Oc550drIrxyzzXgFbq/f6e4fb0b8b4b40d73e94fdf7c9bc7028/payments-hoodie.jpg?w=80&fm=webp&q=90 → 200 (85ms, 1138B)
[2026-06-20T10:02:28.956Z] GET https://images.stripeassets.com/fzn2n1nzq965/m9HBEK464p46FeNIhs2PV/f5054a93c8a0a6aabdd1c47675d610ae/wave_crop.jpg?w=1104&fm=webp&q=80 → 200 (2ms, 26531B)
[2026-06-20T10:02:28.956Z] GET https://images.stripeassets.com/fzn2n1nzq965/43eqkFV1GG5GqcbNNeEzVp/8f4705b1b80a4c835c2960ed8055d649/ConnectMobileBackground.jpg?w=1104&fm=webp&q=90 → 200 (5ms, 172267B)
[2026-06-20T10:02:28.956Z] GET https://images.stripeassets.com/fzn2n1nzq965/115d4Vd5LVAsqFGDR1ClAv/0ceb2c44a7a7182cd624262420af7544/wave-fallback-desktop.png?w=1392&fm=webp&q=60 → 200 (1ms, -494B)
[2026-06-20T10:04:07.355Z] GET http://localhost:8099/ → 200 (18ms, 13900B)
[2026-06-20T10:04:16.765Z] GET http://localhost:8099/ → 200 (5ms, 13900B)
[2026-06-20T10:06:00.177Z] GET file:///home/ubuntu/design-md-generator/index.html → 200 (1ms, 22122B)
[2026-06-20T10:06:04.711Z] GET file:///home/ubuntu/design-md-generator/index.html → 200 (2ms, 22122B)
[2026-06-20T10:06:08.672Z] GET file:///home/ubuntu/design-md-generator/index.html → 200 (1ms, 22122B)
[2026-06-20T10:06:21.341Z] GET file:///home/ubuntu/design-md-generator/index.html → 200 (1ms, 22122B)
[2026-06-20T10:06:21.987Z] GET https://api.allorigins.win/raw?url=https%3A%2F%2Fgithub.com → pending (?ms, ?B)
